<?xml version="1.0" encoding="UTF-8"?>
<!-- Generated by org.testng.reporters.JUnitReportReporter -->
<testsuite hostname="LAPTOP-THVIP6DU" failures="0" tests="2" name="com.bestbuy.DemoBestBuy" time="27.831" errors="0" timestamp="2024-09-22T10:52:59 IST" skipped="0">
  <testcase classname="com.bestbuy.DemoBestBuy" name="bestbuybrokenurl" time="26.145"/>
  <testcase classname="com.bestbuy.DemoBestBuy" name="menulinks" time="1.686"/>
</testsuite> <!-- com.bestbuy.DemoBestBuy -->
